# JRE version: OpenJDK Runtime Environment (8.0_212) (build 1.8.0_212-release-1586-b4-5784211)
# Java VM: OpenJDK 64-Bit Server VM (25.212-b4-5784211 mixed mode linux-amd64 compressed oops)
Heap:
 PSYoungGen      total 199680K, used 121672K [0x00000000e0000000, 0x00000000f0c00000, 0x0000000100000000)
  eden space 190976K, 59% used [0x00000000e0000000,0x00000000e6e6efb0,0x00000000eba80000)
  from space 8704K, 98% used [0x00000000edb80000,0x00000000ee3e32d8,0x00000000ee400000)
  to   space 27136K, 0% used [0x00000000ef180000,0x00000000ef180000,0x00000000f0c00000)
 ParOldGen       total 85504K, used 50581K [0x00000000a0000000, 0x00000000a5380000, 0x00000000e0000000)
  object space 85504K, 59% used [0x00000000a0000000,0x00000000a3165450,0x00000000a5380000)
 Metaspace       used 82818K, capacity 88526K, committed 88832K, reserved 1126400K
  class space    used 10818K, capacity 11934K, committed 12032K, reserved 1048576K
GC Heap History (10 events):
Event: 40.873 GC heap before
{Heap before GC invocations=16 (full 3):
 PSYoungGen      total 188416K, used 169472K [0x00000000e0000000, 0x00000000ed400000, 0x0000000100000000)
  eden space 169472K, 100% used [0x00000000e0000000,0x00000000ea580000,0x00000000ea580000)
  from space 18944K, 0% used [0x00000000eb880000,0x00000000eb880000,0x00000000ecb00000)
  to   space 19456K, 0% used [0x00000000ea580000,0x00000000ea580000,0x00000000eb880000)
 ParOldGen       total 85504K, used 30955K [0x00000000a0000000, 0x00000000a5380000, 0x00000000e0000000)
  object space 85504K, 36% used [0x00000000a0000000,0x00000000a1e3aea0,0x00000000a5380000)
 Metaspace       used 65572K, capacity 67762K, committed 67968K, reserved 1107968K
  class space    used 9015K, capacity 9536K, committed 9600K, reserved 1048576K
Event: 40.927 GC heap after
Heap after GC invocations=16 (full 3):
 PSYoungGen      total 188928K, used 16101K [0x00000000e0000000, 0x00000000ef880000, 0x0000000100000000)
  eden space 169472K, 0% used [0x00000000e0000000,0x00000000e0000000,0x00000000ea580000)
  from space 19456K, 82% used [0x00000000ea580000,0x00000000eb539788,0x00000000eb880000)
  to   space 20992K, 0% used [0x00000000ee400000,0x00000000ee400000,0x00000000ef880000)
 ParOldGen       total 85504K, used 30963K [0x00000000a0000000, 0x00000000a5380000, 0x00000000e0000000)
  object space 85504K, 36% used [0x00000000a0000000,0x00000000a1e3cea0,0x00000000a5380000)
 Metaspace       used 65572K, capacity 67762K, committed 67968K, reserved 1107968K
  class space    used 9015K, capacity 9536K, committed 9600K, reserved 1048576K
}
Event: 59.439 GC heap before
{Heap before GC invocations=17 (full 3):
 PSYoungGen      total 188928K, used 185573K [0x00000000e0000000, 0x00000000ef880000, 0x0000000100000000)
  eden space 169472K, 100% used [0x00000000e0000000,0x00000000ea580000,0x00000000ea580000)
  from space 19456K, 82% used [0x00000000ea580000,0x00000000eb539788,0x00000000eb880000)
  to   space 20992K, 0% used [0x00000000ee400000,0x00000000ee400000,0x00000000ef880000)
 ParOldGen       total 85504K, used 30963K [0x00000000a0000000, 0x00000000a5380000, 0x00000000e0000000)
  object space 85504K, 36% used [0x00000000a0000000,0x00000000a1e3cea0,0x00000000a5380000)
 Metaspace       used 71832K, capacity 74390K, committed 74496K, reserved 1114112K
  class space    used 9669K, capacity 10231K, committed 10240K, reserved 1048576K
Event: 59.511 GC heap after
Heap after GC invocations=17 (full 3):
 PSYoungGen      total 227840K, used 20987K [0x00000000e0000000, 0x00000000efa00000, 0x0000000100000000)
  eden space 206848K, 0% used [0x00000000e0000000,0x00000000e0000000,0x00000000eca00000)
  from space 20992K, 99% used [0x00000000ee400000,0x00000000ef87ecc8,0x00000000ef880000)
  to   space 24576K, 0% used [0x00000000eca00000,0x00000000eca00000,0x00000000ee200000)
 ParOldGen       total 85504K, used 31280K [0x00000000a0000000, 0x00000000a5380000, 0x00000000e0000000)
  object space 85504K, 36% used [0x00000000a0000000,0x00000000a1e8c048,0x00000000a5380000)
 Metaspace       used 71832K, capacity 74390K, committed 74496K, reserved 1114112K
  class space    used 9669K, capacity 10231K, committed 10240K, reserved 1048576K
}
Event: 1892.933 GC heap before
{Heap before GC invocations=18 (full 3):
 PSYoungGen      total 227840K, used 227835K [0x00000000e0000000, 0x00000000efa00000, 0x0000000100000000)
  eden space 206848K, 100% used [0x00000000e0000000,0x00000000eca00000,0x00000000eca00000)
  from space 20992K, 99% used [0x00000000ee400000,0x00000000ef87ecc8,0x00000000ef880000)
  to   space 24576K, 0% used [0x00000000eca00000,0x00000000eca00000,0x00000000ee200000)
 ParOldGen       total 85504K, used 31280K [0x00000000a0000000, 0x00000000a5380000, 0x00000000e0000000)
  object space 85504K, 36% used [0x00000000a0000000,0x00000000a1e8c048,0x00000000a5380000)
 Metaspace       used 77768K, capacity 81274K, committed 81408K, reserved 1120256K
  class space    used 10125K, capacity 10887K, committed 11008K, reserved 1048576K
Event: 1893.051 GC heap after
Heap after GC invocations=18 (full 3):
 PSYoungGen      total 231424K, used 24568K [0x00000000e0000000, 0x00000000f2800000, 0x0000000100000000)
  eden space 206848K, 0% used [0x00000000e0000000,0x00000000e0000000,0x00000000eca00000)
  from space 24576K, 99% used [0x00000000eca00000,0x00000000ee1fe140,0x00000000ee200000)
  to   space 29184K, 0% used [0x00000000f0b80000,0x00000000f0b80000,0x00000000f2800000)
 ParOldGen       total 85504K, used 33168K [0x00000000a0000000, 0x00000000a5380000, 0x00000000e0000000)
  object space 85504K, 38% used [0x00000000a0000000,0x00000000a2064000,0x00000000a5380000)
 Metaspace       used 77768K, capacity 81274K, committed 81408K, reserved 1120256K
  class space    used 10125K, capacity 10887K, committed 11008K, reserved 1048576K
}
Event: 2334.606 GC heap before
{Heap before GC invocations=19 (full 3):
 PSYoungGen      total 231424K, used 231416K [0x00000000e0000000, 0x00000000f2800000, 0x0000000100000000)
  eden space 206848K, 100% used [0x00000000e0000000,0x00000000eca00000,0x00000000eca00000)
  from space 24576K, 99% used [0x00000000eca00000,0x00000000ee1fe140,0x00000000ee200000)
  to   space 29184K, 0% used [0x00000000f0b80000,0x00000000f0b80000,0x00000000f2800000)
 ParOldGen       total 85504K, used 33168K [0x00000000a0000000, 0x00000000a5380000, 0x00000000e0000000)
  object space 85504K, 38% used [0x00000000a0000000,0x00000000a2064000,0x00000000a5380000)
 Metaspace       used 78696K, capacity 82692K, committed 82816K, reserved 1120256K
  class space    used 10218K, capacity 11064K, committed 11136K, reserved 1048576K
Event: 2334.771 GC heap after
Heap after GC invocations=19 (full 3):
 PSYoungGen      total 205824K, used 6896K [0x00000000e0000000, 0x00000000f1280000, 0x0000000100000000)
  eden space 198656K, 0% used [0x00000000e0000000,0x00000000e0000000,0x00000000ec200000)
  from space 7168K, 96% used [0x00000000f0b80000,0x00000000f123c030,0x00000000f1280000)
  to   space 28160K, 0% used [0x00000000edb80000,0x00000000edb80000,0x00000000ef700000)
 ParOldGen       total 85504K, used 50573K [0x00000000a0000000, 0x00000000a5380000, 0x00000000e0000000)
  object space 85504K, 59% used [0x00000000a0000000,0x00000000a3163450,0x00000000a5380000)
 Metaspace       used 78696K, capacity 82692K, committed 82816K, reserved 1120256K
  class space    used 10218K, capacity 11064K, committed 11136K, reserved 1048576K
}
Event: 4898.865 GC heap before
{Heap before GC invocations=20 (full 3):
 PSYoungGen      total 205824K, used 205552K [0x00000000e0000000, 0x00000000f1280000, 0x0000000100000000)
  eden space 198656K, 100% used [0x00000000e0000000,0x00000000ec200000,0x00000000ec200000)
  from space 7168K, 96% used [0x00000000f0b80000,0x00000000f123c030,0x00000000f1280000)
  to   space 28160K, 0% used [0x00000000edb80000,0x00000000edb80000,0x00000000ef700000)
 ParOldGen       total 85504K, used 50573K [0x00000000a0000000, 0x00000000a5380000, 0x00000000e0000000)
  object space 85504K, 59% used [0x00000000a0000000,0x00000000a3163450,0x00000000a5380000)
 Metaspace       used 80400K, capacity 85064K, committed 85248K, reserved 1122304K
  class space    used 10457K, capacity 11409K, committed 11520K, reserved 1048576K
Event: 4910.524 GC heap after
Heap after GC invocations=20 (full 3):
 PSYoungGen      total 199680K, used 8588K [0x00000000e0000000, 0x00000000f0c00000, 0x0000000100000000)
  eden space 190976K, 0% used [0x00000000e0000000,0x00000000e0000000,0x00000000eba80000)
  from space 8704K, 98% used [0x00000000edb80000,0x00000000ee3e32d8,0x00000000ee400000)
  to   space 27136K, 0% used [0x00000000ef180000,0x00000000ef180000,0x00000000f0c00000)
 ParOldGen       total 85504K, used 50581K [0x00000000a0000000, 0x00000000a5380000, 0x00000000e0000000)
  object space 85504K, 59% used [0x00000000a0000000,0x00000000a3165450,0x00000000a5380000)
 Metaspace       used 80400K, capacity 85064K, committed 85248K, reserved 1122304K
  class space    used 10457K, capacity 11409K, committed 11520K, reserved 1048576K
}

